  glad.c
  Particle.cpp
  ballistic.cpp
C:\Users\elder\OneDrive\Desktop\C++Projects\GameEngineBook\BallisticsTest\globalConstants.h(6,19): warning C4305: 'initializing': truncation from 'double' to 'const float'
  (compiling source file 'ballistic.cpp')
  
C:\Users\elder\OneDrive\Desktop\C++Projects\GameEngineBook\BallisticsTest\ballistic.cpp(127,39): warning C4244: 'argument': conversion from 'double' to 'float', possible loss of data
C:\Users\elder\OneDrive\Desktop\C++Projects\GameEngineBook\BallisticsTest\ballistic.cpp(337,12): error C2065: 'root': undeclared identifier
  BallisticsTest.cpp
C:\Users\elder\OneDrive\Desktop\C++Projects\GameEngineBook\BallisticsTest\globalConstants.h(6,19): warning C4305: 'initializing': truncation from 'double' to 'const float'
  (compiling source file 'BallisticsTest.cpp')
  
C:\Users\elder\OneDrive\Desktop\C++Projects\GameEngineBook\BallisticsTest\BallisticsTest.cpp(45,52): warning C4244: 'argument': conversion from 'const float' to 'int', possible loss of data
C:\Users\elder\OneDrive\Desktop\C++Projects\GameEngineBook\BallisticsTest\BallisticsTest.cpp(45,39): warning C4244: 'argument': conversion from 'const float' to 'int', possible loss of data
C:\Users\elder\OneDrive\Desktop\C++Projects\GameEngineBook\BallisticsTest\BallisticsTest.cpp(70,6): warning C4101: 'key': unreferenced local variable
  objects.cpp
C:\Users\elder\OneDrive\Desktop\C++Projects\GameEngineBook\BallisticsTest\globalConstants.h(6,19): warning C4305: 'initializing': truncation from 'double' to 'const float'
  (compiling source file 'objects.cpp')
  
C:\Users\elder\OneDrive\Desktop\C++Projects\GameEngineBook\BallisticsTest\objects.cpp(293,13): error C2530: 'round': references must be initialized
C:\Users\elder\OneDrive\Desktop\C++Projects\GameEngineBook\BallisticsTest\objects.cpp(293,13): error C3531: 'round': a symbol whose type contains 'auto' must have an initializer
C:\Users\elder\OneDrive\Desktop\C++Projects\GameEngineBook\BallisticsTest\objects.cpp(293,18): error C2143: syntax error: missing ';' before ')'
C:\Users\elder\OneDrive\Desktop\C++Projects\GameEngineBook\BallisticsTest\objects.cpp(295,1): error C2143: syntax error: missing ';' before '}'
C:\Users\elder\OneDrive\Desktop\C++Projects\GameEngineBook\BallisticsTest\objects.cpp(295,1): error C2143: syntax error: missing ')' before '}'
C:\Users\elder\OneDrive\Desktop\C++Projects\GameEngineBook\BallisticsTest\objects.cpp(295,1): error C2059: syntax error: '}'
  windowFunctions.cpp
  Generating Code...
